lab4/Demo_TiltMeter/app/build/intermediates/manifest_merge_blame_file/debug/manifest-merger-blame-debug-report.txt
1<?xml version="1.0" encoding="utf-8"?>
2<manifest xmlns:android="http://schemas.android.com/apk/res/android"
3    package="ca.yorku.eecs.mack.demotiltmeter"
4    android:versionCode="1"
5    android:versionName="1.0" >
6
7    <uses-sdk
8        android:minSdkVersion="13"
8-->src\main\AndroidManifest.xml
9        android:targetSdkVersion="33" />
9-->src\main\AndroidManifest.xml
10
11    <uses-permission android:name="android.permission.VIBRATE" />
11-->src\main\AndroidManifest.xml:7:5-66
11-->src\main\AndroidManifest.xml:7:22-63
12
13    <application
13-->src\main\AndroidManifest.xml:9:5-27:19
14        android:allowBackup="false"
14-->src\main\AndroidManifest.xml:10:9-36
15        android:debuggable="true"
16        android:icon="@mipmap/ic_launcher"
16-->src\main\AndroidManifest.xml:11:9-43
17        android:label="@string/app_name"
17-->src\main\AndroidManifest.xml:12:9-41
18        android:testOnly="true"
19        android:theme="@android:style/Theme.NoTitleBar.Fullscreen" >
19-->src\main\AndroidManifest.xml:13:9-67
20        <activity
20-->src\main\AndroidManifest.xml:14:9-22:20
21            android:name="ca.yorku.eecs.mack.demotiltmeter.DemoTiltMeterSetup"
21-->src\main\AndroidManifest.xml:15:13-79
22            android:exported="true" >
22-->src\main\AndroidManifest.xml:16:13-36
23            <intent-filter>
23-->src\main\AndroidManifest.xml:17:13-21:29
24                <action android:name="android.intent.action.MAIN" />
24-->src\main\AndroidManifest.xml:18:17-69
24-->src\main\AndroidManifest.xml:18:25-66
25                <action android:name="android.intent.action.VIEW" />
25-->src\main\AndroidManifest.xml:19:17-69
25-->src\main\AndroidManifest.xml:19:25-66
26
27                <category android:name="android.intent.category.LAUNCHER" />
27-->src\main\AndroidManifest.xml:20:17-77
27-->src\main\AndroidManifest.xml:20:27-74
28            </intent-filter>
29        </activity>
30        <activity
30-->src\main\AndroidManifest.xml:23:9-26:20
31            android:name="ca.yorku.eecs.mack.demotiltmeter.DemoTiltMeterActivity"
31-->src\main\AndroidManifest.xml:24:13-82
32            android:theme="@android:style/Theme.NoTitleBar.Fullscreen" >
32-->src\main\AndroidManifest.xml:25:13-71
33        </activity>
34    </application>
35
36</manifest>